使用设备: cuda
加载 tokenizer: E:/BaiduNetdiskDownload/bert-base-chinese
准备数据集...
加载本地文件: ./example.txt (635KB)
  切分得到 2261 段文本
Tokenizing:   0%|          | 0/2261 [00:00<?, ?it/s]Tokenizing:  13%|█▎        | 285/2261 [00:00<00:00, 2843.03it/s]Tokenizing:  26%|██▌       | 592/2261 [00:00<00:00, 2970.37it/s]Tokenizing:  41%|████      | 917/2261 [00:00<00:00, 3093.13it/s]Tokenizing:  62%|██████▏   | 1407/2261 [00:00<00:00, 3804.35it/s]Tokenizing:  79%|███████▉  | 1788/2261 [00:00<00:00, 3619.42it/s]Tokenizing:  95%|█████████▌| 2152/2261 [00:00<00:00, 3558.70it/s]Tokenizing: 100%|██████████| 2261/2261 [00:00<00:00, 3436.12it/s]
训练样本: 2034, 验证样本: 227

创建模型: baseline_qkv (from_scratch=True, layers=6)...
  总参数: 70,393,736
  可训练: 38,974,464
  角色: Baseline-QKV  (上界, 38M QKV)

从 checkpoint 恢复: ./results/bert_baseline_qkv_scratch_L6_checkpoint.pt
  恢复到 Epoch 51, Best PPL=1157.5

=== 训练完成 ===
最佳 Eval PPL: 1157.49
结果: ./results\bert_baseline_qkv_scratch_L6_results.json
Checkpoint: ./results\bert_baseline_qkv_scratch_L6_checkpoint.pt
下次运行: python train_bert.py --variant baseline_qkv --from_scratch --num_layers 6 即可自动续训
使用设备: cuda
加载 tokenizer: E:/BaiduNetdiskDownload/bert-base-chinese
准备数据集...
加载本地文件: ./example.txt (635KB)
  切分得到 2261 段文本
Tokenizing:   0%|          | 0/2261 [00:00<?, ?it/s]Tokenizing:  15%|█▍        | 331/2261 [00:00<00:00, 3306.25it/s]Tokenizing:  30%|██▉       | 677/2261 [00:00<00:00, 3391.92it/s]Tokenizing:  50%|█████     | 1137/2261 [00:00<00:00, 3941.18it/s]Tokenizing:  69%|██████▉   | 1564/2261 [00:00<00:00, 4062.04it/s]Tokenizing:  87%|████████▋ | 1971/2261 [00:00<00:00, 3868.22it/s]Tokenizing: 100%|██████████| 2261/2261 [00:00<00:00, 3768.81it/s]
训练样本: 2034, 验证样本: 227

创建模型: baseline_qkv (from_scratch=True, layers=6)...
  总参数: 70,393,736
  可训练: 38,974,464
  角色: Baseline-QKV  (上界, 38M QKV)

从 checkpoint 恢复: ./results/bert_baseline_qkv_scratch_L6_checkpoint.pt
  恢复到 Epoch 51, Best PPL=1157.5

=== 训练完成 ===
最佳 Eval PPL: 1157.49
结果: ./results\bert_baseline_qkv_scratch_L6_results.json
Checkpoint: ./results\bert_baseline_qkv_scratch_L6_checkpoint.pt
下次运行: python train_bert.py --variant baseline_qkv --from_scratch --num_layers 6 即可自动续训
